<?xml version="1.0" encoding="UTF-8"?>
<testsuites name="Mocha Tests" time="92.069" tests="8" failures="1">
  <testsuite name="Root Suite" timestamp="2019-07-27T21:10:26" tests="0" failures="0" time="0">
  </testsuite>
  <testsuite name="finrem consented e2e HWF Journey" timestamp="2019-07-27T21:10:26" tests="8" file="/Users/sreekanth/work/moj/repos/finrem-ccd-e2e-tests/test/end2end/consentedJourneys/consentedE2EHwfJourney.js" failures="1" time="92.069">
    <testcase name="finrem consented e2e HWF Journey: Verify Consented HWF Solicitors Happypath Scenario" time="92.069" classname="Verify Consented HWF Solicitors Happypath Scenario">
      <failure message="Clickable element &quot;Continue&quot; was not found by text|CSS|XPath" type="Error"><![CDATA[Clickable element "Continue" was not found by text|CSS|XPath

Scenario Steps:

- I.click("Continue") at Object.createCase (test/end2end/consented/pages/create-case/createCase.js:18:5)
- I.wait(2) at Object.createCase (test/end2end/consented/pages/create-case/createCase.js:16:5)
- I.click("Start") at Object.createCase (test/end2end/consented/pages/create-case/createCase.js:15:5)
- I.selectOption("select[id= cc-event]", "Consent Order Application") at Object.createCase (test/end2end/consented/pages/create-case/createCase.js:14:5)
- I.wait(2) at Object.createCase (test/end2end/consented/pages/create-case/createCase.js:13:5)
- I.selectOption("select[id=cc-case-type]", "FinancialRemedyMVP2") at Object.createCase (test/end2end/consented/pages/create-case/createCase.js:12:5)
- I.wait(3) at Object.createCase (test/end2end/consented/pages/create-case/createCase.js:11:5)
- I.selectOption("select[id=cc-jurisdiction]", "Family Divorce") at Object.createCase (test/end2end/consented/pages/create-case/createCase.js:10:5)
- I.see("Create Case") at Object.waitForPage (test/end2end/consented/pages/common/common.js:43:5)
- I.wait(5) at Object.waitForPage (test/end2end/consented/pages/common/common.js:41:7)
- I.waitForElement("h1") at Object.waitForPage (test/end2end/consented/pages/common/common.js:17:9)
- I.wait(5) at Object.waitForPage (test/end2end/consented/pages/common/common.js:41:7)
- I.waitForElement("h1") at Object.waitForPage (test/end2end/consented/pages/common/common.js:17:9)
- I.wait(5) at Object.waitForPage (test/end2end/consented/pages/common/common.js:41:7)
- I.waitForElement("h1") at Object.waitForPage (test/end2end/consented/pages/common/common.js:17:9)
- I.wait(5) at Object.waitForPage (test/end2end/consented/pages/common/common.js:41:7)
- I.waitForElement("h1") at Object.waitForPage (test/end2end/consented/pages/common/common.js:17:9)
- I.wait(5) at Object.waitForPage (test/end2end/consented/pages/common/common.js:41:7)
- I.waitForElement("h1") at Object.waitForPage (test/end2end/consented/pages/common/common.js:17:9)
- I.wait(5) at Object.waitForPage (test/end2end/consented/pages/common/common.js:41:7)
- I.waitForElement("h1") at Object.waitForPage (test/end2end/consented/pages/common/common.js:17:9)
- I.wait(5) at Object.waitForPage (test/end2end/consented/pages/common/common.js:41:7)
- I.waitForElement("h1") at Object.waitForPage (test/end2end/consented/pages/common/common.js:17:9)
- I.wait(5) at Object.waitForPage (test/end2end/consented/pages/common/common.js:41:7)
- I.waitForElement("h1") at Object.waitForPage (test/end2end/consented/pages/common/common.js:17:9)
- I.wait(5) at Object.waitForPage (test/end2end/consented/pages/common/common.js:41:7)
- I.waitForElement("h1") at Object.waitForPage (test/end2end/consented/pages/common/common.js:17:9)
- I.wait(5) at Object.waitForPage (test/end2end/consented/pages/common/common.js:41:7)
- I.waitForElement("h1") at Object.waitForPage (test/end2end/consented/pages/common/common.js:17:9)
- I.wait(5) at Object.waitForPage (test/end2end/consented/pages/common/common.js:41:7)
- I.waitForElement("h1") at Object.waitForPage (test/end2end/consented/pages/common/common.js:17:9)
- I.wait(5) at Object.waitForPage (test/end2end/consented/pages/common/common.js:41:7)
- I.waitForElement("h1") at Object.waitForPage (test/end2end/consented/pages/common/common.js:17:9)
- I.click("Create new case") at Object.createCase (test/end2end/consented/pages/create-case/createCase.js:7:5)
- I.waitForElement(".container-fluid a[href="/create/case"]", 60) at Object.createCase (test/end2end/consented/pages/create-case/createCase.js:6:5)
- I.wait(15) at Object.signinIdam (test/end2end/consented/pages/signIn/signIn.js:10:5)
- I.click("Sign in") at Object.signinIdam (test/end2end/consented/pages/signIn/signIn.js:9:5)
- I.fillField("password", "Nagoya0102") at Object.signinIdam (test/end2end/consented/pages/signIn/signIn.js:8:5)
- I.fillField("username", "henry_fr_harper@yahoo.com") at Object.signinIdam (test/end2end/consented/pages/signIn/signIn.js:7:5)
- I.waitForText("Email address") at Object.signinIdam (test/end2end/consented/pages/signIn/signIn.js:6:5)
- I.wait(5) at Object.signinIdam (test/end2end/consented/pages/signIn/signIn.js:5:5)
- I.amOnPage("https://www-ccd.aat.platform.hmcts.net/") at Object.signinIdam (test/end2end/consented/pages/signIn/signIn.js:4:5)

]]></failure>
    </testcase>
  </testsuite>
</testsuites>